<?xml version="1.0" encoding="UTF-8"?>
<testsuite xmlns:xsi="http://www.w3.org/2001/XMLSchema-instance" xsi:noNamespaceSchemaLocation="https://maven.apache.org/surefire/maven-surefire-plugin/xsd/surefire-test-report.xsd" name="com.powergateway.M16ConvertApiTest" time="0.979" tests="13" errors="0" skipped="0" failures="0">
  <properties>
[...]
</properties>
  <testcase name="convert_channelRouting_autoMatchTemplate" classname="com.powergateway.M16ConvertApiTest" time="0.089"/>
  <testcase name="convert_formDataToJson_fieldsMapped" classname="com.powergateway.M16ConvertApiTest" time="0.077"/>
  <testcase name="convert_withProcessRules_fieldProcessed" classname="com.powergateway.M16ConvertApiTest" time="0.085"/>
  <testcase name="convert_repeatCall_cacheEffect" classname="com.powergateway.M16ConvertApiTest" time="0.074"/>
  <testcase name="convert_noMappingRules_srcFieldsPreserved" classname="com.powergateway.M16ConvertApiTest" time="0.071"/>
  <testcase name="convert_missingMessage_returns400" classname="com.powergateway.M16ConvertApiTest" time="0.07"/>
  <testcase name="convert_jsonToXml_withMapping" classname="com.powergateway.M16ConvertApiTest" time="0.075"/>
  <testcase name="convert_missingSrcFormat_returns400" classname="com.powergateway.M16ConvertApiTest" time="0.07"/>
  <testcase name="convert_invalidTemplateId_returns404" classname="com.powergateway.M16ConvertApiTest" time="0.07"/>
  <testcase name="convert_noTemplateId_noChannelMatch_returns400" classname="com.powergateway.M16ConvertApiTest" time="0.071"/>
  <testcase name="convert_responseStructure_complete" classname="com.powergateway.M16ConvertApiTest" time="0.073"/>
  <testcase name="convert_xmlNestedPath_dotNotationMapping" classname="com.powergateway.M16ConvertApiTest" time="0.072"/>
  <testcase name="convert_unsupportedFormat_returns400" classname="com.powergateway.M16ConvertApiTest" time="0.068"/>
</testsuite>